<?xml version="1.0" encoding="UTF-8"?>
<!-- Generated by org.testng.reporters.JUnitXMLReporter -->
<testsuite ignored="0" hostname="DESKTOP-RS652UV" failures="0" tests="1" name="Test" time="0.242" errors="0" timestamp="2025-05-08T19:07:44 IST">
  <testcase classname="testCases.BaseClass" name="@BeforeClass setUp" time="0.048">
    <failure type="java.io.FileNotFoundException" message=".\sec\test\resorces\cofig.properties (The system cannot find the path specified)">
      <![CDATA[java.io.FileNotFoundException: .\sec\test\resorces\cofig.properties (The system cannot find the path specified)
at java.base/java.io.FileInputStream.open0(Native Method)
at java.base/java.io.FileInputStream.open(FileInputStream.java:213)
at java.base/java.io.FileInputStream.<init>(FileInputStream.java:152)
at java.base/java.io.FileInputStream.<init>(FileInputStream.java:106)
at java.base/java.io.FileReader.<init>(FileReader.java:60)
at testCases.BaseClass.setUp(BaseClass.java:27)
at java.base/java.util.ArrayList.forEach(ArrayList.java:1596)
... Removed 23 stack frames]]>
    </failure>
  </testcase> <!-- @BeforeClass setUp -->
  <testcase classname="testCases.BaseClass" name="@AfterClass tearDown" time="0.0">
    <skipped/>
  </testcase> <!-- @AfterClass tearDown -->
  <testcase classname="testCases.TC001_AccountRegistrationTest" name="verify_Account_Registration" time="0.001">
    <skipped/>
  </testcase> <!-- verify_Account_Registration -->
</testsuite> <!-- Test -->
