<?xml version="1.0" encoding="UTF-8"?>
<!-- Generated by org.testng.reporters.JUnitXMLReporter -->
<testsuite ignored="0" hostname="DESKTOP-RS652UV" failures="0" tests="8" name="Test" time="109.276" errors="0" timestamp="2025-05-14T16:02:38 IST">
  <testcase classname="testCases.TC001_AccountRegistrationTest" name="verify_Account_Registration" time="5.971"/>
  <testcase classname="testCases.TC002_LoginTest" name="verify_Login" time="3.107"/>
  <testcase classname="testCases.TC003_LoginDDT" name="valid_LoginDDT" time="3.452"/>
  <testcase classname="testCases.TC003_LoginDDT" name="valid_LoginDDT" time="3.476"/>
  <testcase classname="testCases.TC003_LoginDDT" name="valid_LoginDDT" time="3.195"/>
  <testcase classname="testCases.TC003_LoginDDT" name="valid_LoginDDT" time="22.109"/>
  <testcase classname="testCases.TC003_LoginDDT" name="valid_LoginDDT" time="4.356"/>
  <testcase classname="testCases.TC003_LoginDDT" name="valid_LoginDDT" time="21.753"/>
</testsuite> <!-- Test -->
