<?xml version="1.0" encoding="UTF-8"?>
<testsuite xmlns:xsi="http://www.w3.org/2001/XMLSchema-instance" xsi:noNamespaceSchemaLocation="https://maven.apache.org/surefire/maven-surefire-plugin/xsd/surefire-test-report.xsd" version="3.0.2" name="TestSuite" time="116.94" tests="8" errors="0" skipped="0" failures="0">
  <properties>
[...]
</properties>
  <testcase name="verify_Account_Registration" classname="testCases.TC001_AccountRegistrationTest" time="5.998">
    <system-out><![CDATA[2025-05-14T10:30:45.589281Z main INFO Starting configuration XmlConfiguration[location=C:\Users\asokd\OneDrive\Desktop\javaSelenium\OpenCart154\target\test-classes\log4j2.xml, lastModified=2025-05-09T10:47:00.162Z]...
2025-05-14T10:30:45.594276700Z main INFO Start watching for changes to C:\Users\asokd\OneDrive\Desktop\javaSelenium\OpenCart154\target\test-classes\log4j2.xml every 0 seconds
2025-05-14T10:30:45.595278100Z main INFO Configuration XmlConfiguration[location=C:\Users\asokd\OneDrive\Desktop\javaSelenium\OpenCart154\target\test-classes\log4j2.xml, lastModified=2025-05-09T10:47:00.162Z] started.
2025-05-14T10:30:45.601274100Z main INFO Stopping configuration org.apache.logging.log4j.core.config.DefaultConfiguration@290d210d...
2025-05-14T10:30:45.602274900Z main INFO Configuration org.apache.logging.log4j.core.config.DefaultConfiguration@290d210d stopped.
16::00:45.723 [main] DEBUG org.testng.TestNG -suiteXmlPath: "C:\Users\asokd\OneDrive\Desktop\javaSelenium\OpenCart154\master.xml"
 16::01:04.554 [main] INFO  testCases.TC001_AccountRegistrationTest -******* Starting TC001_AccountRegistrationTest **********
 16::01:08.046 [main] INFO  testCases.TC001_AccountRegistrationTest -******* Providing Couatomer Information **********
 16::01:10.413 [main] INFO  testCases.TC001_AccountRegistrationTest -Validating expected message........
 16::01:10.516 [main] INFO  testCases.TC001_AccountRegistrationTest -******* Finished TC001_AccountRegistrationTest **********
 ]]></system-out>
    <system-err><![CDATA[May 14, 2025 4:00:51 PM org.openqa.selenium.devtools.CdpVersionFinder findNearestMatch
WARNING: Unable to find an exact match for CDP version 136, returning the closest version; found: 135; Please update to a Selenium version that supports CDP version 136
]]></system-err>
  </testcase>
  <testcase name="verify_Login" classname="testCases.TC002_LoginTest" time="3.11">
    <system-out><![CDATA[16::01:19.363 [main] INFO  testCases.TC002_LoginTest -********** Started TC002_LoginTest ***********
 16::01:22.371 [main] INFO  testCases.TC002_LoginTest -*********** CLICKED ON LOGIN BUTTON *******
 16::01:22.467 [main] INFO  testCases.TC002_LoginTest -*********** FINISHED TC002_LoginTest ************
 ]]></system-out>
    <system-err><![CDATA[May 14, 2025 4:01:13 PM org.openqa.selenium.devtools.CdpVersionFinder findNearestMatch
WARNING: Unable to find an exact match for CDP version 136, returning the closest version; found: 135; Please update to a Selenium version that supports CDP version 136
]]></system-err>
  </testcase>
  <testcase name="valid_LoginDDT[rajeshmalhothra24@gmail.com, test@123, valid](1)" classname="testCases.TC003_LoginDDT" time="3.444">
    <system-out><![CDATA[16::01:33.382 [main] DEBUG org.apache.poi.openxml4j.opc.PackageRelationshipCollection -Parsing relationship: /xl/_rels/workbook.xml.rels
 16::01:33.392 [main] DEBUG org.apache.poi.openxml4j.opc.PackageRelationshipCollection -Parsing relationship: /xl/worksheets/_rels/sheet1.xml.rels
 16::01:33.395 [main] DEBUG org.apache.poi.openxml4j.opc.PackageRelationshipCollection -Parsing relationship: /_rels/.rels
 16::01:35.216 [main] DEBUG org.apache.poi.openxml4j.opc.PackageRelationshipCollection -Parsing relationship: /xl/_rels/workbook.xml.rels
 16::01:35.219 [main] DEBUG org.apache.poi.openxml4j.opc.PackageRelationshipCollection -Parsing relationship: /xl/worksheets/_rels/sheet1.xml.rels
 16::01:35.223 [main] DEBUG org.apache.poi.openxml4j.opc.PackageRelationshipCollection -Parsing relationship: /_rels/.rels
 16::01:35.314 [main] DEBUG org.apache.poi.openxml4j.opc.PackageRelationshipCollection -Parsing relationship: /xl/_rels/workbook.xml.rels
 16::01:35.317 [main] DEBUG org.apache.poi.openxml4j.opc.PackageRelationshipCollection -Parsing relationship: /xl/worksheets/_rels/sheet1.xml.rels
 16::01:35.319 [main] DEBUG org.apache.poi.openxml4j.opc.PackageRelationshipCollection -Parsing relationship: /_rels/.rels
 16::01:35.428 [main] DEBUG org.apache.poi.openxml4j.opc.PackageRelationshipCollection -Parsing relationship: /xl/_rels/workbook.xml.rels
 16::01:35.431 [main] DEBUG org.apache.poi.openxml4j.opc.PackageRelationshipCollection -Parsing relationship: /xl/worksheets/_rels/sheet1.xml.rels
 16::01:35.434 [main] DEBUG org.apache.poi.openxml4j.opc.PackageRelationshipCollection -Parsing relationship: /_rels/.rels
 16::01:35.515 [main] DEBUG org.apache.poi.openxml4j.opc.PackageRelationshipCollection -Parsing relationship: /xl/_rels/workbook.xml.rels
 16::01:35.518 [main] DEBUG org.apache.poi.openxml4j.opc.PackageRelationshipCollection -Parsing relationship: /xl/worksheets/_rels/sheet1.xml.rels
 16::01:35.521 [main] DEBUG org.apache.poi.openxml4j.opc.PackageRelationshipCollection -Parsing relationship: /_rels/.rels
 16::01:35.602 [main] DEBUG org.apache.poi.openxml4j.opc.PackageRelationshipCollection -Parsing relationship: /xl/_rels/workbook.xml.rels
 16::01:35.606 [main] DEBUG org.apache.poi.openxml4j.opc.PackageRelationshipCollection -Parsing relationship: /xl/worksheets/_rels/sheet1.xml.rels
 16::01:35.609 [main] DEBUG org.apache.poi.openxml4j.opc.PackageRelationshipCollection -Parsing relationship: /_rels/.rels
 16::01:35.694 [main] DEBUG org.apache.poi.openxml4j.opc.PackageRelationshipCollection -Parsing relationship: /xl/_rels/workbook.xml.rels
 16::01:35.700 [main] DEBUG org.apache.poi.openxml4j.opc.PackageRelationshipCollection -Parsing relationship: /xl/worksheets/_rels/sheet1.xml.rels
 16::01:35.703 [main] DEBUG org.apache.poi.openxml4j.opc.PackageRelationshipCollection -Parsing relationship: /_rels/.rels
 16::01:35.833 [main] DEBUG org.apache.poi.openxml4j.opc.PackageRelationshipCollection -Parsing relationship: /xl/_rels/workbook.xml.rels
 16::01:35.839 [main] DEBUG org.apache.poi.openxml4j.opc.PackageRelationshipCollection -Parsing relationship: /xl/worksheets/_rels/sheet1.xml.rels
 16::01:35.842 [main] DEBUG org.apache.poi.openxml4j.opc.PackageRelationshipCollection -Parsing relationship: /_rels/.rels
 16::01:35.933 [main] DEBUG org.apache.poi.openxml4j.opc.PackageRelationshipCollection -Parsing relationship: /xl/_rels/workbook.xml.rels
 16::01:35.935 [main] DEBUG org.apache.poi.openxml4j.opc.PackageRelationshipCollection -Parsing relationship: /xl/worksheets/_rels/sheet1.xml.rels
 16::01:35.937 [main] DEBUG org.apache.poi.openxml4j.opc.PackageRelationshipCollection -Parsing relationship: /_rels/.rels
 16::01:36.067 [main] DEBUG org.apache.poi.openxml4j.opc.PackageRelationshipCollection -Parsing relationship: /xl/_rels/workbook.xml.rels
 16::01:36.070 [main] DEBUG org.apache.poi.openxml4j.opc.PackageRelationshipCollection -Parsing relationship: /xl/worksheets/_rels/sheet1.xml.rels
 16::01:36.074 [main] DEBUG org.apache.poi.openxml4j.opc.PackageRelationshipCollection -Parsing relationship: /_rels/.rels
 16::01:36.174 [main] DEBUG org.apache.poi.openxml4j.opc.PackageRelationshipCollection -Parsing relationship: /xl/_rels/workbook.xml.rels
 16::01:36.176 [main] DEBUG org.apache.poi.openxml4j.opc.PackageRelationshipCollection -Parsing relationship: /xl/worksheets/_rels/sheet1.xml.rels
 16::01:36.179 [main] DEBUG org.apache.poi.openxml4j.opc.PackageRelationshipCollection -Parsing relationship: /_rels/.rels
 16::01:36.285 [main] DEBUG org.apache.poi.openxml4j.opc.PackageRelationshipCollection -Parsing relationship: /xl/_rels/workbook.xml.rels
 16::01:36.287 [main] DEBUG org.apache.poi.openxml4j.opc.PackageRelationshipCollection -Parsing relationship: /xl/worksheets/_rels/sheet1.xml.rels
 16::01:36.295 [main] DEBUG org.apache.poi.openxml4j.opc.PackageRelationshipCollection -Parsing relationship: /_rels/.rels
 16::01:36.381 [main] DEBUG org.apache.poi.openxml4j.opc.PackageRelationshipCollection -Parsing relationship: /xl/_rels/workbook.xml.rels
 16::01:36.383 [main] DEBUG org.apache.poi.openxml4j.opc.PackageRelationshipCollection -Parsing relationship: /xl/worksheets/_rels/sheet1.xml.rels
 16::01:36.386 [main] DEBUG org.apache.poi.openxml4j.opc.PackageRelationshipCollection -Parsing relationship: /_rels/.rels
 16::01:36.466 [main] DEBUG org.apache.poi.openxml4j.opc.PackageRelationshipCollection -Parsing relationship: /xl/_rels/workbook.xml.rels
 16::01:36.468 [main] DEBUG org.apache.poi.openxml4j.opc.PackageRelationshipCollection -Parsing relationship: /xl/worksheets/_rels/sheet1.xml.rels
 16::01:36.470 [main] DEBUG org.apache.poi.openxml4j.opc.PackageRelationshipCollection -Parsing relationship: /_rels/.rels
 16::01:36.525 [main] DEBUG org.apache.poi.openxml4j.opc.PackageRelationshipCollection -Parsing relationship: /xl/_rels/workbook.xml.rels
 16::01:36.527 [main] DEBUG org.apache.poi.openxml4j.opc.PackageRelationshipCollection -Parsing relationship: /xl/worksheets/_rels/sheet1.xml.rels
 16::01:36.528 [main] DEBUG org.apache.poi.openxml4j.opc.PackageRelationshipCollection -Parsing relationship: /_rels/.rels
 16::01:36.594 [main] DEBUG org.apache.poi.openxml4j.opc.PackageRelationshipCollection -Parsing relationship: /xl/_rels/workbook.xml.rels
 16::01:36.596 [main] DEBUG org.apache.poi.openxml4j.opc.PackageRelationshipCollection -Parsing relationship: /xl/worksheets/_rels/sheet1.xml.rels
 16::01:36.598 [main] DEBUG org.apache.poi.openxml4j.opc.PackageRelationshipCollection -Parsing relationship: /_rels/.rels
 16::01:36.649 [main] DEBUG org.apache.poi.openxml4j.opc.PackageRelationshipCollection -Parsing relationship: /xl/_rels/workbook.xml.rels
 16::01:36.651 [main] DEBUG org.apache.poi.openxml4j.opc.PackageRelationshipCollection -Parsing relationship: /xl/worksheets/_rels/sheet1.xml.rels
 16::01:36.653 [main] DEBUG org.apache.poi.openxml4j.opc.PackageRelationshipCollection -Parsing relationship: /_rels/.rels
 16::01:36.710 [main] DEBUG org.apache.poi.openxml4j.opc.PackageRelationshipCollection -Parsing relationship: /xl/_rels/workbook.xml.rels
 16::01:36.713 [main] DEBUG org.apache.poi.openxml4j.opc.PackageRelationshipCollection -Parsing relationship: /xl/worksheets/_rels/sheet1.xml.rels
 16::01:36.714 [main] DEBUG org.apache.poi.openxml4j.opc.PackageRelationshipCollection -Parsing relationship: /_rels/.rels
 16::01:36.761 [main] DEBUG org.apache.poi.openxml4j.opc.PackageRelationshipCollection -Parsing relationship: /xl/_rels/workbook.xml.rels
 16::01:36.763 [main] DEBUG org.apache.poi.openxml4j.opc.PackageRelationshipCollection -Parsing relationship: /xl/worksheets/_rels/sheet1.xml.rels
 16::01:36.765 [main] DEBUG org.apache.poi.openxml4j.opc.PackageRelationshipCollection -Parsing relationship: /_rels/.rels
 16::01:36.825 [main] DEBUG org.apache.poi.openxml4j.opc.PackageRelationshipCollection -Parsing relationship: /xl/_rels/workbook.xml.rels
 16::01:36.827 [main] DEBUG org.apache.poi.openxml4j.opc.PackageRelationshipCollection -Parsing relationship: /xl/worksheets/_rels/sheet1.xml.rels
 16::01:36.829 [main] DEBUG org.apache.poi.openxml4j.opc.PackageRelationshipCollection -Parsing relationship: /_rels/.rels
 16::01:36.873 [main] INFO  testCases.TC003_LoginDDT -************** Started TC003_LoginDDT ******** 
 16::01:40.317 [main] INFO  testCases.TC003_LoginDDT -************** Finished TC003_LoginDDT ******** 
 ]]></system-out>
    <system-err><![CDATA[May 14, 2025 4:01:24 PM org.openqa.selenium.devtools.CdpVersionFinder findNearestMatch
WARNING: Unable to find an exact match for CDP version 136, returning the closest version; found: 135; Please update to a Selenium version that supports CDP version 136
]]></system-err>
  </testcase>
  <testcase name="valid_LoginDDT[lakshmi@yahoo.com, Laxmi, valid](2)" classname="testCases.TC003_LoginDDT" time="3.474">
    <system-out><![CDATA[16::01:40.326 [main] INFO  testCases.TC003_LoginDDT -************** Started TC003_LoginDDT ******** 
 16::01:43.795 [main] INFO  testCases.TC003_LoginDDT -************** Finished TC003_LoginDDT ******** 
 ]]></system-out>
  </testcase>
  <testcase name="valid_LoginDDT[laksh@yahoo.com, Lakshmi, valid](3)" classname="testCases.TC003_LoginDDT" time="3.195">
    <system-out><![CDATA[16::01:43.803 [main] INFO  testCases.TC003_LoginDDT -************** Started TC003_LoginDDT ******** 
 16::01:46.996 [main] INFO  testCases.TC003_LoginDDT -************** Finished TC003_LoginDDT ******** 
 ]]></system-out>
  </testcase>
  <testcase name="valid_LoginDDT[jkebkakjw@hotmail.com, jeb.kj66^%, invalid](4)" classname="testCases.TC003_LoginDDT" time="22.107">
    <system-out><![CDATA[16::01:47.001 [main] INFO  testCases.TC003_LoginDDT -************** Started TC003_LoginDDT ******** 
 16::02:09.108 [main] INFO  testCases.TC003_LoginDDT -************** Finished TC003_LoginDDT ******** 
 ]]></system-out>
  </testcase>
  <testcase name="valid_LoginDDT[abc123@gmail.com, test@123, valid](5)" classname="testCases.TC003_LoginDDT" time="4.356">
    <system-out><![CDATA[16::02:09.114 [main] INFO  testCases.TC003_LoginDDT -************** Started TC003_LoginDDT ******** 
 16::02:13.467 [main] INFO  testCases.TC003_LoginDDT -************** Finished TC003_LoginDDT ******** 
 ]]></system-out>
  </testcase>
  <testcase name="valid_LoginDDT[, test@123, invalid](6)" classname="testCases.TC003_LoginDDT" time="21.752">
    <system-out><![CDATA[16::02:13.474 [main] INFO  testCases.TC003_LoginDDT -************** Started TC003_LoginDDT ******** 
 16::02:35.225 [main] INFO  testCases.TC003_LoginDDT -************** Finished TC003_LoginDDT ******** 
 ]]></system-out>
  </testcase>
</testsuite>